<?xml version="1.0" encoding="UTF-8"?>
<!-- Generated by org.testng.reporters.JUnitReportReporter -->
<testsuite hostname="DESKTOP-MQGED5N" failures="0" tests="1" name="runner.TestRunner" time="6.640" errors="0" timestamp="2024-10-23T22:45:02 IST" skipped="0">
  <testcase classname="runner.TestRunner" name="runScenario" time="6.640"/>
</testsuite> <!-- runner.TestRunner -->
