<?xml version="1.0" encoding="UTF-8"?>
<!-- Generated by org.testng.reporters.JUnitReportReporter -->
<testsuite hostname="DESKTOP-MQGED5N" failures="0" tests="1" name="runner.TestRunner" time="14.486" errors="0" timestamp="2024-11-13T16:37:02 IST" skipped="0">
  <testcase classname="runner.TestRunner" name="runScenario" time="14.486"/>
</testsuite> <!-- runner.TestRunner -->
